20:53:05 **** Rebuild of configuration Debug for project LIFO_project ****
Info: Internal Builder is used for build
gcc -O0 -g3 -Wall -c -fmessage-length=0 -o lifo.o "..\\lifo.c" 
..\lifo.c: In function 'LIFO_PUSH_ITEM':
..\lifo.c:19:1: warning: control reaches end of non-void function [-Wreturn-type]
 }
 ^
Command canceled
21:32:00 **** Rebuild of configuration Debug for project LIFO_project ****
Info: Internal Builder is used for build
gcc -O0 -g3 -Wall -c -fmessage-length=0 -o lifo.o "..\\lifo.c" 
gcc -O0 -g3 -Wall -c -fmessage-length=0 -o main.o "..\\main.c" 
..\main.c:16:6: warning: return type of 'main' is not 'int' [-Wmain]
 void main(){
      ^~~~
..\main.c: In function 'main':
..\main.c:27:17: warning: initialization makes integer from pointer without a cast [-Wint-conversion]
  TYPE buffer2 = (TYPE*) malloc(5 * sizeof(TYPE));
                 ^
..\main.c:29:24: warning: passing argument 2 of 'LIFO_INIT' makes pointer from integer without a cast [-Wint-conversion]
  LIFO_INIT(&I2C_buffer,buffer2,LENGTH);
                        ^~~~~~~
In file included from ..\main.c:8:0:
..\lifo.h:32:15: note: expected 'uint32_t * {aka unsigned int *}' but argument is of type 'uint32_t {aka unsigned int}'
 LIFO_STATUS_t LIFO_INIT(LIFO_BUFFER_t* buffer_name,TYPE* buffer,TYPE LENGTH);
               ^~~~~~~~~
gcc -o LIFO_project.exe lifo.o main.o 
Info: Nothing to build for LIFO_project
21:36:06 **** Incremental Build of configuration Debug for project LIFO_project ****
Info: Internal Builder is used for build
gcc -O0 -g3 -Wall -c -fmessage-length=0 -o lifo.o "..\\lifo.c" 
gcc -o LIFO_project.exe lifo.o main.o 
21:43:55 **** Incremental Build of configuration Debug for project LIFO_project ****
Info: Internal Builder is used for build
gcc -O0 -g3 -Wall -c -fmessage-length=0 -o main.o "..\\main.c" 
..\main.c:16:6: warning: return type of 'main' is not 'int' [-Wmain]
 void main(){
      ^~~~
gcc -o LIFO_project.exe lifo.o main.o 
Info: Nothing to build for LIFO_project
21:50:06 **** Incremental Build of configuration Debug for project LIFO_project ****
Info: Internal Builder is used for build
gcc -O0 -g3 -Wall -c -fmessage-length=0 -o lifo.o "..\\lifo.c" 
gcc -O0 -g3 -Wall -c -fmessage-length=0 -o main.o "..\\main.c" 
..\main.c:16:6: warning: return type of 'main' is not 'int' [-Wmain]
 void main(){
      ^~~~
gcc -o LIFO_project.exe lifo.o main.o 
21:50:16 **** Incremental Build of configuration Debug for project LIFO_project ****
Info: Internal Builder is used for build
gcc -O0 -g3 -Wall -c -fmessage-length=0 -o main.o "..\\main.c" 
..\main.c:15:6: warning: return type of 'main' is not 'int' [-Wmain]
 void main(){
      ^~~~
gcc -o LIFO_project.exe lifo.o main.o 
Info: Nothing to build for LIFO_project
21:52:17 **** Incremental Build of configuration Debug for project LIFO_project ****
Info: Internal Builder is used for build
gcc -O0 -g3 -Wall -c -fmessage-length=0 -o lifo.o "..\\lifo.c" 
gcc -O0 -g3 -Wall -c -fmessage-length=0 -o main.o "..\\main.c" 
..\main.c:15:6: warning: return type of 'main' is not 'int' [-Wmain]
 void main(){
      ^~~~
gcc -o LIFO_project.exe lifo.o main.o 
Info: Nothing to build for LIFO_project
22:03:27 **** Incremental Build of configuration Debug for project LIFO_project ****
Info: Internal Builder is used for build
gcc -O0 -g3 -Wall -c -fmessage-length=0 -o main.o "..\\main.c" 
..\main.c:15:6: warning: return type of 'main' is not 'int' [-Wmain]
 void main(){
      ^~~~
gcc -o LIFO_project.exe lifo.o main.o 
Info: Nothing to build for LIFO_project
23:08:04 **** Incremental Build of configuration Debug for project LIFO_project ****
Info: Internal Builder is used for build
gcc -O0 -g3 -Wall -c -fmessage-length=0 -o lifo.o "..\\lifo.c" 
..\lifo.c: In function 'LIFO_POP_ITEM':
..\lifo.c:51:11: warning: format '%d' expects argument of type 'int', but argument 2 has type 'uint32_t * {aka unsigned int *}' [-Wformat=]
  printf("%d---%x",buffer_name->head);
           ^
..\lifo.c:51:16: warning: format '%x' expects a matching 'unsigned int' argument [-Wformat=]
  printf("%d---%x",buffer_name->head);
                ^
..\lifo.c:53:11: warning: format '%d' expects argument of type 'int', but argument 2 has type 'uint32_t * {aka unsigned int *}' [-Wformat=]
  printf("%d---%x",buffer_name->head);
           ^
..\lifo.c:53:16: warning: format '%x' expects a matching 'unsigned int' argument [-Wformat=]
  printf("%d---%x",buffer_name->head);
                ^
gcc -o LIFO_project.exe lifo.o main.o 
Info: Nothing to build for LIFO_project
23:08:31 **** Incremental Build of configuration Debug for project LIFO_project ****
Info: Internal Builder is used for build
gcc -O0 -g3 -Wall -c -fmessage-length=0 -o lifo.o "..\\lifo.c" 
..\lifo.c: In function 'LIFO_POP_ITEM':
..\lifo.c:51:13: warning: format '%d' expects argument of type 'int', but argument 2 has type 'uint32_t * {aka unsigned int *}' [-Wformat=]
  printf("\n%d---%x",buffer_name->head);
             ^
..\lifo.c:51:18: warning: format '%x' expects a matching 'unsigned int' argument [-Wformat=]
  printf("\n%d---%x",buffer_name->head);
                  ^
..\lifo.c:53:13: warning: format '%d' expects argument of type 'int', but argument 2 has type 'uint32_t * {aka unsigned int *}' [-Wformat=]
  printf("\n%d---%x",buffer_name->head);
             ^
..\lifo.c:53:18: warning: format '%x' expects a matching 'unsigned int' argument [-Wformat=]
  printf("\n%d---%x",buffer_name->head);
                  ^
gcc -o LIFO_project.exe lifo.o main.o 
23:09:17 **** Incremental Build of configuration Debug for project LIFO_project ****
Info: Internal Builder is used for build
gcc -O0 -g3 -Wall -c -fmessage-length=0 -o lifo.o "..\\lifo.c" 
..\lifo.c: In function 'LIFO_POP_ITEM':
..\lifo.c:51:18: warning: format '%x' expects argument of type 'unsigned int', but argument 3 has type 'uint32_t * {aka unsigned int *}' [-Wformat=]
  printf("\n%d---%x",*buffer_name->head,buffer_name->head);
                  ^
..\lifo.c:53:18: warning: format '%x' expects argument of type 'unsigned int', but argument 3 has type 'uint32_t * {aka unsigned int *}' [-Wformat=]
  printf("\n%d---%x",*buffer_name->head,buffer_name->head);
                  ^
gcc -o LIFO_project.exe lifo.o main.o 
23:09:52 **** Incremental Build of configuration Debug for project LIFO_project ****
Info: Internal Builder is used for build
gcc -O0 -g3 -Wall -c -fmessage-length=0 -o lifo.o "..\\lifo.c" 
..\lifo.c: In function 'LIFO_POP_ITEM':
..\lifo.c:51:18: warning: format '%x' expects argument of type 'unsigned int', but argument 3 has type 'uint32_t * {aka unsigned int *}' [-Wformat=]
  printf("\n%d---%x",*(buffer_name->head),buffer_name->head);
                  ^
..\lifo.c:53:18: warning: format '%x' expects argument of type 'unsigned int', but argument 3 has type 'uint32_t * {aka unsigned int *}' [-Wformat=]
  printf("\n%d---%x",*(buffer_name->head),buffer_name->head);
                  ^
gcc -o LIFO_project.exe lifo.o main.o 
Info: Nothing to build for LIFO_project
23:10:18 **** Incremental Build of configuration Debug for project LIFO_project ****
Info: Internal Builder is used for build
gcc -O0 -g3 -Wall -c -fmessage-length=0 -o lifo.o "..\\lifo.c" 
..\lifo.c: In function 'LIFO_POP_ITEM':
..\lifo.c:51:18: warning: format '%x' expects argument of type 'unsigned int', but argument 3 has type 'uint32_t * {aka unsigned int *}' [-Wformat=]
  printf("\n%d---%x\n",*(buffer_name->head),buffer_name->head);
                  ^
..\lifo.c:53:18: warning: format '%x' expects argument of type 'unsigned int', but argument 3 has type 'uint32_t * {aka unsigned int *}' [-Wformat=]
  printf("\n%d---%x\n",*(buffer_name->head),buffer_name->head);
                  ^
gcc -o LIFO_project.exe lifo.o main.o 
Info: Nothing to build for LIFO_project
23:13:59 **** Incremental Build of configuration Debug for project LIFO_project ****
Info: Internal Builder is used for build
gcc -O0 -g3 -Wall -c -fmessage-length=0 -o main.o "..\\main.c" 
..\main.c:15:6: warning: return type of 'main' is not 'int' [-Wmain]
 void main(){
      ^~~~
gcc -o LIFO_project.exe lifo.o main.o 
Info: Nothing to build for LIFO_project
23:14:38 **** Incremental Build of configuration Debug for project LIFO_project ****
Info: Internal Builder is used for build
gcc -O0 -g3 -Wall -c -fmessage-length=0 -o main.o "..\\main.c" 
..\main.c:15:6: warning: return type of 'main' is not 'int' [-Wmain]
 void main(){
      ^~~~
gcc -o LIFO_project.exe lifo.o main.o 
23:15:08 **** Incremental Build of configuration Debug for project LIFO_project ****
Info: Internal Builder is used for build
gcc -O0 -g3 -Wall -c -fmessage-length=0 -o lifo.o "..\\lifo.c" 
gcc -o LIFO_project.exe lifo.o main.o 
16:34:17 **** Rebuild of configuration Debug for project FIFO_project ****
Info: Internal Builder is used for build
gcc -O0 -g3 -Wall -c -fmessage-length=0 -o fifo.o "..\\fifo.c" 
..\fifo.c:77:6: error: conflicting types for 'FIFO_PRINT'
 void FIFO_PRINT(FIFO_BUFFER_t* FIFO_INIT){
      ^~~~~~~~~~
In file included from ..\fifo.c:8:0:
..\fifo.h:36:15: note: previous declaration of 'FIFO_PRINT' was here
 FIFO_STATUS_t FIFO_PRINT(FIFO_BUFFER_t* FIFO_INIT);
               ^~~~~~~~~~
..\fifo.c: In function 'FIFO_PRINT':
..\fifo.c:82:10: warning: 'return' with a value, in function returning void
   return FIFO_EMPTY;
          ^~~~~~~~~~
..\fifo.c:77:6: note: declared here
 void FIFO_PRINT(FIFO_BUFFER_t* FIFO_INIT){
      ^~~~~~~~~~
..\fifo.c: In function 'FIFO_DEQU':
..\fifo.c:75:1: warning: control reaches end of non-void function [-Wreturn-type]
 }
 ^
Info: Nothing to build for LIFO_project
16:35:01 **** Incremental Build of configuration Debug for project FIFO_project ****
Info: Internal Builder is used for build
gcc -O0 -g3 -Wall -c -fmessage-length=0 -o fifo.o "..\\fifo.c" 
..\fifo.c:77:6: error: conflicting types for 'FIFO_PRINT'
 void FIFO_PRINT(FIFO_BUFFER_t* FIFO_INIT){
      ^~~~~~~~~~
In file included from ..\fifo.c:8:0:
..\fifo.h:36:15: note: previous declaration of 'FIFO_PRINT' was here
 FIFO_STATUS_t FIFO_PRINT(FIFO_BUFFER_t* FIFO_INIT);
               ^~~~~~~~~~
..\fifo.c: In function 'FIFO_DEQU':
..\fifo.c:75:1: warning: control reaches end of non-void function [-Wreturn-type]
 }
 ^
16:35:04 **** Incremental Build of configuration Debug for project FIFO_project ****
Info: Internal Builder is used for build
gcc -O0 -g3 -Wall -c -fmessage-length=0 -o main.o "..\\main.c" 
..\main.c:16:6: warning: return type of 'main' is not 'int' [-Wmain]
 void main(){
      ^~~~
..\main.c: In function 'main':
..\main.c:25:30: warning: passing argument 2 of 'FIFO_ENQU' from incompatible pointer type [-Wincompatible-pointer-types]
   if( FIFO_ENQU(&uart_buffer,&i) == FIFO_NO_ERROR ){
                              ^
In file included from ..\main.c:9:0:
..\fifo.h:33:15: note: expected 'uint8_t * {aka unsigned char *}' but argument is of type 'uint32_t * {aka unsigned int *}'
 FIFO_STATUS_t FIFO_ENQU(FIFO_BUFFER_t* FIFO_INIT, TYPE* DATA );
               ^~~~~~~~~
..\main.c:33:29: warning: passing argument 2 of 'FIFO_DEQU' from incompatible pointer type [-Wincompatible-pointer-types]
  if( FIFO_DEQU(&uart_buffer,&temp) == FIFO_NO_ERROR){
                             ^
In file included from ..\main.c:9:0:
..\fifo.h:34:15: note: expected 'uint8_t * {aka unsigned char *}' but argument is of type 'uint32_t * {aka unsigned int *}'
 FIFO_STATUS_t FIFO_DEQU(FIFO_BUFFER_t* FIFO_INIT, TYPE* DATA );
               ^~~~~~~~~
..\main.c:38:29: warning: passing argument 2 of 'FIFO_DEQU' from incompatible pointer type [-Wincompatible-pointer-types]
  if( FIFO_DEQU(&uart_buffer,&temp) == FIFO_NO_ERROR){
                             ^
In file included from ..\main.c:9:0:
..\fifo.h:34:15: note: expected 'uint8_t * {aka unsigned char *}' but argument is of type 'uint32_t * {aka unsigned int *}'
 FIFO_STATUS_t FIFO_DEQU(FIFO_BUFFER_t* FIFO_INIT, TYPE* DATA );
               ^~~~~~~~~
gcc -O0 -g3 -Wall -c -fmessage-length=0 -o fifo.o "..\\fifo.c" 
..\fifo.c:77:6: error: conflicting types for 'FIFO_PRINT'
 void FIFO_PRINT(FIFO_BUFFER_t* FIFO_INIT){
      ^~~~~~~~~~
In file included from ..\fifo.c:8:0:
..\fifo.h:36:15: note: previous declaration of 'FIFO_PRINT' was here
 FIFO_STATUS_t FIFO_PRINT(FIFO_BUFFER_t* FIFO_INIT);
               ^~~~~~~~~~
..\fifo.c: In function 'FIFO_DEQU':
..\fifo.c:75:1: warning: control reaches end of non-void function [-Wreturn-type]
 }
 ^
16:36:52 **** Incremental Build of configuration Debug for project FIFO_project ****
Info: Internal Builder is used for build
gcc -O0 -g3 -Wall -c -fmessage-length=0 -o fifo.o "..\\fifo.c" 
..\fifo.c:77:6: error: conflicting types for 'FIFO_PRINT'
 void FIFO_PRINT(FIFO_BUFFER_t* FIFO_INIT){
      ^~~~~~~~~~
In file included from ..\fifo.c:8:0:
..\fifo.h:36:15: note: previous declaration of 'FIFO_PRINT' was here
 FIFO_STATUS_t FIFO_PRINT(FIFO_BUFFER_t* FIFO_INIT);
               ^~~~~~~~~~
..\fifo.c: In function 'FIFO_DEQU':
..\fifo.c:75:1: warning: control reaches end of non-void function [-Wreturn-type]
 }
 ^
16:37:12 **** Incremental Build of configuration Debug for project FIFO_project ****
Info: Internal Builder is used for build
gcc -O0 -g3 -Wall -c -fmessage-length=0 -o fifo.o "..\\fifo.c" 
..\fifo.c: In function 'FIFO_DEQU':
..\fifo.c:75:1: warning: control reaches end of non-void function [-Wreturn-type]
 }
 ^
gcc -O0 -g3 -Wall -c -fmessage-length=0 -o main.o "..\\main.c" 
..\main.c:16:6: warning: return type of 'main' is not 'int' [-Wmain]
 void main(){
      ^~~~
..\main.c: In function 'main':
..\main.c:25:30: warning: passing argument 2 of 'FIFO_ENQU' from incompatible pointer type [-Wincompatible-pointer-types]
   if( FIFO_ENQU(&uart_buffer,&i) == FIFO_NO_ERROR ){
                              ^
In file included from ..\main.c:9:0:
..\fifo.h:33:15: note: expected 'uint8_t * {aka unsigned char *}' but argument is of type 'uint32_t * {aka unsigned int *}'
 FIFO_STATUS_t FIFO_ENQU(FIFO_BUFFER_t* FIFO_INIT, TYPE* DATA );
               ^~~~~~~~~
..\main.c:33:29: warning: passing argument 2 of 'FIFO_DEQU' from incompatible pointer type [-Wincompatible-pointer-types]
  if( FIFO_DEQU(&uart_buffer,&temp) == FIFO_NO_ERROR){
                             ^
In file included from ..\main.c:9:0:
..\fifo.h:34:15: note: expected 'uint8_t * {aka unsigned char *}' but argument is of type 'uint32_t * {aka unsigned int *}'
 FIFO_STATUS_t FIFO_DEQU(FIFO_BUFFER_t* FIFO_INIT, TYPE* DATA );
               ^~~~~~~~~
..\main.c:38:29: warning: passing argument 2 of 'FIFO_DEQU' from incompatible pointer type [-Wincompatible-pointer-types]
  if( FIFO_DEQU(&uart_buffer,&temp) == FIFO_NO_ERROR){
                             ^
In file included from ..\main.c:9:0:
..\fifo.h:34:15: note: expected 'uint8_t * {aka unsigned char *}' but argument is of type 'uint32_t * {aka unsigned int *}'
 FIFO_STATUS_t FIFO_DEQU(FIFO_BUFFER_t* FIFO_INIT, TYPE* DATA );
               ^~~~~~~~~
gcc -o FIFO_project.exe fifo.o main.o 
16:38:27 **** Incremental Build of configuration Debug for project FIFO_project ****
Info: Internal Builder is used for build
gcc -O0 -g3 -Wall -c -fmessage-length=0 -o fifo.o "..\\fifo.c" 
..\fifo.c: In function 'FIFO_DEQU':
..\fifo.c:75:1: warning: control reaches end of non-void function [-Wreturn-type]
 }
 ^
gcc -o FIFO_project.exe fifo.o main.o 
16:38:42 **** Incremental Build of configuration Debug for project FIFO_project ****
Info: Internal Builder is used for build
gcc -O0 -g3 -Wall -c -fmessage-length=0 -o fifo.o "..\\fifo.c" 
..\fifo.c: In function 'FIFO_DEQU':
..\fifo.c:93:1: error: expected declaration or statement at end of input
 }
 ^
..\fifo.c:93:1: warning: control reaches end of non-void function [-Wreturn-type]
 }
 ^
At top level:
..\fifo.c:78:6: warning: 'FIFO_PRINT' defined but not used [-Wunused-function]
 void FIFO_PRINT(FIFO_BUFFER_t* FIFO_INIT){
      ^~~~~~~~~~
16:38:46 **** Incremental Build of configuration Debug for project FIFO_project ****
Info: Internal Builder is used for build
gcc -O0 -g3 -Wall -c -fmessage-length=0 -o fifo.o "..\\fifo.c" 
..\fifo.c: In function 'FIFO_DEQU':
..\fifo.c:75:1: warning: control reaches end of non-void function [-Wreturn-type]
 }
 ^
gcc -o FIFO_project.exe fifo.o main.o 
16:40:44 **** Incremental Build of configuration Debug for project FIFO_project ****
Info: Internal Builder is used for build
gcc -O0 -g3 -Wall -c -fmessage-length=0 -o fifo.o "..\\fifo.c" 
..\fifo.c:81:1: error: expected identifier or '(' before '}' token
 }
 ^
16:40:48 **** Incremental Build of configuration Debug for project FIFO_project ****
Info: Internal Builder is used for build
gcc -O0 -g3 -Wall -c -fmessage-length=0 -o fifo.o "..\\fifo.c" 
gcc -o FIFO_project.exe fifo.o main.o 
Info: Nothing to build for FIFO_project
16:41:07 **** Incremental Build of configuration Debug for project FIFO_project ****
Info: Internal Builder is used for build
gcc -O0 -g3 -Wall -c -fmessage-length=0 -o main.o "..\\main.c" 
..\main.c:16:6: warning: return type of 'main' is not 'int' [-Wmain]
 void main(){
      ^~~~
..\main.c: In function 'main':
..\main.c:25:30: warning: passing argument 2 of 'FIFO_ENQU' from incompatible pointer type [-Wincompatible-pointer-types]
   if( FIFO_ENQU(&uart_buffer,&i) == FIFO_NO_ERROR ){
                              ^
In file included from ..\main.c:9:0:
..\fifo.h:33:15: note: expected 'uint8_t * {aka unsigned char *}' but argument is of type 'uint32_t * {aka unsigned int *}'
 FIFO_STATUS_t FIFO_ENQU(FIFO_BUFFER_t* FIFO_INIT, TYPE* DATA );
               ^~~~~~~~~
..\main.c:33:29: warning: passing argument 2 of 'FIFO_DEQU' from incompatible pointer type [-Wincompatible-pointer-types]
  if( FIFO_DEQU(&uart_buffer,&temp) == FIFO_NO_ERROR){
                             ^
In file included from ..\main.c:9:0:
..\fifo.h:34:15: note: expected 'uint8_t * {aka unsigned char *}' but argument is of type 'uint32_t * {aka unsigned int *}'
 FIFO_STATUS_t FIFO_DEQU(FIFO_BUFFER_t* FIFO_INIT, TYPE* DATA );
               ^~~~~~~~~
..\main.c:38:29: warning: passing argument 2 of 'FIFO_DEQU' from incompatible pointer type [-Wincompatible-pointer-types]
  if( FIFO_DEQU(&uart_buffer,&temp) == FIFO_NO_ERROR){
                             ^
In file included from ..\main.c:9:0:
..\fifo.h:34:15: note: expected 'uint8_t * {aka unsigned char *}' but argument is of type 'uint32_t * {aka unsigned int *}'
 FIFO_STATUS_t FIFO_DEQU(FIFO_BUFFER_t* FIFO_INIT, TYPE* DATA );
               ^~~~~~~~~
gcc -o FIFO_project.exe fifo.o main.o 
Info: Nothing to build for FIFO_project
17:42:08 **** Incremental Build of configuration Debug for project FIFO_project ****
Info: Internal Builder is used for build
gcc -O0 -g3 -Wall -c -fmessage-length=0 -o fifo.o "..\\fifo.c" 
gcc -o FIFO_project.exe fifo.o main.o 
Info: Nothing to build for FIFO_project
17:42:33 **** Incremental Build of configuration Debug for project FIFO_project ****
Info: Internal Builder is used for build
gcc -O0 -g3 -Wall -c -fmessage-length=0 -o fifo.o "..\\fifo.c" 
gcc -o FIFO_project.exe fifo.o main.o 
Info: Nothing to build for FIFO_project
17:44:52 **** Incremental Build of configuration Debug for project FIFO_project ****
Info: Internal Builder is used for build
gcc -O0 -g3 -Wall -c -fmessage-length=0 -o fifo.o "..\\fifo.c" 
gcc -o FIFO_project.exe fifo.o main.o 
Info: Nothing to build for FIFO_project
17:48:57 **** Incremental Build of configuration Debug for project FIFO_project ****
Info: Internal Builder is used for build
gcc -O0 -g3 -Wall -c -fmessage-length=0 -o fifo.o "..\\fifo.c" 
..\fifo.c: In function 'FIFO_ENQU':
..\fifo.c:58:1: warning: control reaches end of non-void function [-Wreturn-type]
 }
 ^
gcc -o FIFO_project.exe fifo.o main.o 
Info: Nothing to build for FIFO_project
15:24:53 **** Incremental Build of configuration Debug for project FIFO_project ****
Info: Internal Builder is used for build
gcc -O0 -g3 -Wall -c -fmessage-length=0 -o fifo.o "..\\fifo.c" 
gcc -O0 -g3 -Wall -c -fmessage-length=0 -o main.o "..\\main.c" 
..\main.c:16:6: warning: return type of 'main' is not 'int' [-Wmain]
 void main(){
      ^~~~
..\main.c: In function 'main':
..\main.c:25:30: warning: passing argument 2 of 'FIFO_ENQU' from incompatible pointer type [-Wincompatible-pointer-types]
   if( FIFO_ENQU(&uart_buffer,&i) == FIFO_NO_ERROR ){
                              ^
In file included from ..\main.c:9:0:
..\fifo.h:32:15: note: expected 'uint8_t * {aka unsigned char *}' but argument is of type 'uint32_t * {aka unsigned int *}'
 FIFO_STATUS_t FIFO_ENQU(FIFO_BUFFER_t* FIFO_INIT, TYPE* DATA );
               ^~~~~~~~~
..\main.c:33:29: warning: passing argument 2 of 'FIFO_DEQU' from incompatible pointer type [-Wincompatible-pointer-types]
  if( FIFO_DEQU(&uart_buffer,&temp) == FIFO_NO_ERROR){
                             ^
In file included from ..\main.c:9:0:
..\fifo.h:33:15: note: expected 'uint8_t * {aka unsigned char *}' but argument is of type 'uint32_t * {aka unsigned int *}'
 FIFO_STATUS_t FIFO_DEQU(FIFO_BUFFER_t* FIFO_INIT, TYPE* DATA );
               ^~~~~~~~~
..\main.c:38:29: warning: passing argument 2 of 'FIFO_DEQU' from incompatible pointer type [-Wincompatible-pointer-types]
  if( FIFO_DEQU(&uart_buffer,&temp) == FIFO_NO_ERROR){
                             ^
In file included from ..\main.c:9:0:
..\fifo.h:33:15: note: expected 'uint8_t * {aka unsigned char *}' but argument is of type 'uint32_t * {aka unsigned int *}'
 FIFO_STATUS_t FIFO_DEQU(FIFO_BUFFER_t* FIFO_INIT, TYPE* DATA );
               ^~~~~~~~~
gcc -o FIFO_project.exe fifo.o main.o 
Info: Nothing to build for FIFO_project
15:26:29 **** Incremental Build of configuration Debug for project FIFO_project ****
Info: Internal Builder is used for build
gcc -O0 -g3 -Wall -c -fmessage-length=0 -o fifo.o "..\\fifo.c" 
gcc -o FIFO_project.exe fifo.o main.o 
Info: Nothing to build for FIFO_project
15:29:03 **** Incremental Build of configuration Debug for project FIFO_project ****
Info: Internal Builder is used for build
gcc -O0 -g3 -Wall -c -fmessage-length=0 -o fifo.o "..\\fifo.c" 
gcc -o FIFO_project.exe fifo.o main.o 
Info: Nothing to build for FIFO_project
15:30:46 **** Incremental Build of configuration Debug for project FIFO_project ****
Info: Internal Builder is used for build
gcc -O0 -g3 -Wall -c -fmessage-length=0 -o fifo.o "..\\fifo.c" 
gcc -o FIFO_project.exe fifo.o main.o 
Info: Nothing to build for FIFO_project
15:35:24 **** Incremental Build of configuration Debug for project FIFO_project ****
Info: Internal Builder is used for build
gcc -O0 -g3 -Wall -c -fmessage-length=0 -o fifo.o "..\\fifo.c" 
gcc -O0 -g3 -Wall -c -fmessage-length=0 -o main.o "..\\main.c" 
..\main.c:16:6: warning: return type of 'main' is not 'int' [-Wmain]
 void main(){
      ^~~~
..\main.c: In function 'main':
..\main.c:25:30: warning: passing argument 2 of 'FIFO_ENQU' from incompatible pointer type [-Wincompatible-pointer-types]
   if( FIFO_ENQU(&uart_buffer,&i) == FIFO_NO_ERROR ){
                              ^
In file included from ..\main.c:9:0:
..\fifo.h:32:15: note: expected 'uint8_t * {aka unsigned char *}' but argument is of type 'uint32_t * {aka unsigned int *}'
 FIFO_STATUS_t FIFO_ENQU(FIFO_BUFFER_t* FIFO_INIT, TYPE* DATA );
               ^~~~~~~~~
..\main.c:31:29: warning: passing argument 2 of 'FIFO_DEQU' from incompatible pointer type [-Wincompatible-pointer-types]
  if( FIFO_DEQU(&uart_buffer,&temp) == FIFO_NO_ERROR){
                             ^
In file included from ..\main.c:9:0:
..\fifo.h:33:15: note: expected 'uint8_t * {aka unsigned char *}' but argument is of type 'uint32_t * {aka unsigned int *}'
 FIFO_STATUS_t FIFO_DEQU(FIFO_BUFFER_t* FIFO_INIT, TYPE* DATA );
               ^~~~~~~~~
..\main.c:36:29: warning: passing argument 2 of 'FIFO_DEQU' from incompatible pointer type [-Wincompatible-pointer-types]
  if( FIFO_DEQU(&uart_buffer,&temp) == FIFO_NO_ERROR){
                             ^
In file included from ..\main.c:9:0:
..\fifo.h:33:15: note: expected 'uint8_t * {aka unsigned char *}' but argument is of type 'uint32_t * {aka unsigned int *}'
 FIFO_STATUS_t FIFO_DEQU(FIFO_BUFFER_t* FIFO_INIT, TYPE* DATA );
               ^~~~~~~~~
gcc -o FIFO_project.exe fifo.o main.o 
Info: Nothing to build for FIFO_project
15:36:22 **** Incremental Build of configuration Debug for project FIFO_project ****
Info: Internal Builder is used for build
gcc -O0 -g3 -Wall -c -fmessage-length=0 -o main.o "..\\main.c" 
..\main.c:16:6: warning: return type of 'main' is not 'int' [-Wmain]
 void main(){
      ^~~~
..\main.c: In function 'main':
..\main.c:25:30: warning: passing argument 2 of 'FIFO_ENQU' from incompatible pointer type [-Wincompatible-pointer-types]
   if( FIFO_ENQU(&uart_buffer,&i) == FIFO_NO_ERROR ){
                              ^
In file included from ..\main.c:9:0:
..\fifo.h:32:15: note: expected 'uint8_t * {aka unsigned char *}' but argument is of type 'uint32_t * {aka unsigned int *}'
 FIFO_STATUS_t FIFO_ENQU(FIFO_BUFFER_t* FIFO_INIT, TYPE* DATA );
               ^~~~~~~~~
..\main.c:29:11: warning: 'return' with a value, in function returning void
    return FIFO_FULL;
           ^~~~~~~~~
..\main.c:16:6: note: declared here
 void main(){
      ^~~~
..\main.c:33:29: warning: passing argument 2 of 'FIFO_DEQU' from incompatible pointer type [-Wincompatible-pointer-types]
  if( FIFO_DEQU(&uart_buffer,&temp) == FIFO_NO_ERROR){
                             ^
In file included from ..\main.c:9:0:
..\fifo.h:33:15: note: expected 'uint8_t * {aka unsigned char *}' but argument is of type 'uint32_t * {aka unsigned int *}'
 FIFO_STATUS_t FIFO_DEQU(FIFO_BUFFER_t* FIFO_INIT, TYPE* DATA );
               ^~~~~~~~~
..\main.c:38:29: warning: passing argument 2 of 'FIFO_DEQU' from incompatible pointer type [-Wincompatible-pointer-types]
  if( FIFO_DEQU(&uart_buffer,&temp) == FIFO_NO_ERROR){
                             ^
In file included from ..\main.c:9:0:
..\fifo.h:33:15: note: expected 'uint8_t * {aka unsigned char *}' but argument is of type 'uint32_t * {aka unsigned int *}'
 FIFO_STATUS_t FIFO_DEQU(FIFO_BUFFER_t* FIFO_INIT, TYPE* DATA );
               ^~~~~~~~~
gcc -o FIFO_project.exe fifo.o main.o 
Info: Nothing to build for FIFO_project
Info: Nothing to build for FIFO_project
15:37:06 **** Incremental Build of configuration Debug for project FIFO_project ****
Info: Internal Builder is used for build
gcc -O0 -g3 -Wall -c -fmessage-length=0 -o main.o "..\\main.c" 
..\main.c:16:6: warning: return type of 'main' is not 'int' [-Wmain]
 void main(){
      ^~~~
..\main.c: In function 'main':
..\main.c:25:30: warning: passing argument 2 of 'FIFO_ENQU' from incompatible pointer type [-Wincompatible-pointer-types]
   if( FIFO_ENQU(&uart_buffer,&i) == FIFO_NO_ERROR ){
                              ^
In file included from ..\main.c:9:0:
..\fifo.h:32:15: note: expected 'uint8_t * {aka unsigned char *}' but argument is of type 'uint32_t * {aka unsigned int *}'
 FIFO_STATUS_t FIFO_ENQU(FIFO_BUFFER_t* FIFO_INIT, TYPE* DATA );
               ^~~~~~~~~
..\main.c:33:29: warning: passing argument 2 of 'FIFO_DEQU' from incompatible pointer type [-Wincompatible-pointer-types]
  if( FIFO_DEQU(&uart_buffer,&temp) == FIFO_NO_ERROR){
                             ^
In file included from ..\main.c:9:0:
..\fifo.h:33:15: note: expected 'uint8_t * {aka unsigned char *}' but argument is of type 'uint32_t * {aka unsigned int *}'
 FIFO_STATUS_t FIFO_DEQU(FIFO_BUFFER_t* FIFO_INIT, TYPE* DATA );
               ^~~~~~~~~
..\main.c:38:29: warning: passing argument 2 of 'FIFO_DEQU' from incompatible pointer type [-Wincompatible-pointer-types]
  if( FIFO_DEQU(&uart_buffer,&temp) == FIFO_NO_ERROR){
                             ^
In file included from ..\main.c:9:0:
..\fifo.h:33:15: note: expected 'uint8_t * {aka unsigned char *}' but argument is of type 'uint32_t * {aka unsigned int *}'
 FIFO_STATUS_t FIFO_DEQU(FIFO_BUFFER_t* FIFO_INIT, TYPE* DATA );
               ^~~~~~~~~
gcc -o FIFO_project.exe fifo.o main.o 
Info: Nothing to build for FIFO_project
Info: Nothing to build for FIFO_project
Info: Nothing to build for FIFO_project
15:39:16 **** Incremental Build of configuration Debug for project FIFO_project ****
Info: Internal Builder is used for build
gcc -O0 -g3 -Wall -c -fmessage-length=0 -o fifo.o "..\\fifo.c" 
..\fifo.c: In function 'FIFO_DEQU':
..\fifo.c:84:1: warning: control reaches end of non-void function [-Wreturn-type]
 }
 ^
gcc -o FIFO_project.exe fifo.o main.o 
16:21:10 **** Incremental Build of configuration Debug for project FIFO_project ****
Info: Internal Builder is used for build
gcc -O0 -g3 -Wall -c -fmessage-length=0 -o fifo.o "..\\fifo.c" 
gcc -o FIFO_project.exe fifo.o main.o 
Info: Nothing to build for FIFO_project
16:21:44 **** Incremental Build of configuration Debug for project FIFO_project ****
Info: Internal Builder is used for build
gcc -O0 -g3 -Wall -c -fmessage-length=0 -o main.o "..\\main.c" 
..\main.c:16:6: warning: return type of 'main' is not 'int' [-Wmain]
 void main(){
      ^~~~
..\main.c: In function 'main':
..\main.c:25:30: warning: passing argument 2 of 'FIFO_ENQU' from incompatible pointer type [-Wincompatible-pointer-types]
   if( FIFO_ENQU(&uart_buffer,&i) == FIFO_NO_ERROR ){
                              ^
In file included from ..\main.c:9:0:
..\fifo.h:32:15: note: expected 'uint8_t * {aka unsigned char *}' but argument is of type 'uint32_t * {aka unsigned int *}'
 FIFO_STATUS_t FIFO_ENQU(FIFO_BUFFER_t* FIFO_INIT, TYPE* DATA );
               ^~~~~~~~~
..\main.c:31:29: warning: passing argument 2 of 'FIFO_DEQU' from incompatible pointer type [-Wincompatible-pointer-types]
  if( FIFO_DEQU(&uart_buffer,&temp) == FIFO_NO_ERROR){
                             ^
In file included from ..\main.c:9:0:
..\fifo.h:33:15: note: expected 'uint8_t * {aka unsigned char *}' but argument is of type 'uint32_t * {aka unsigned int *}'
 FIFO_STATUS_t FIFO_DEQU(FIFO_BUFFER_t* FIFO_INIT, TYPE* DATA );
               ^~~~~~~~~
..\main.c:36:29: warning: passing argument 2 of 'FIFO_DEQU' from incompatible pointer type [-Wincompatible-pointer-types]
  if( FIFO_DEQU(&uart_buffer,&temp) == FIFO_NO_ERROR){
                             ^
In file included from ..\main.c:9:0:
..\fifo.h:33:15: note: expected 'uint8_t * {aka unsigned char *}' but argument is of type 'uint32_t * {aka unsigned int *}'
 FIFO_STATUS_t FIFO_DEQU(FIFO_BUFFER_t* FIFO_INIT, TYPE* DATA );
               ^~~~~~~~~
gcc -o FIFO_project.exe fifo.o main.o 
16:22:10 **** Incremental Build of configuration Debug for project FIFO_project ****
Info: Internal Builder is used for build
gcc -O0 -g3 -Wall -c -fmessage-length=0 -o main.o "..\\main.c" 
..\main.c:16:6: warning: return type of 'main' is not 'int' [-Wmain]
 void main(){
      ^~~~
..\main.c: In function 'main':
..\main.c:25:30: warning: passing argument 2 of 'FIFO_ENQU' from incompatible pointer type [-Wincompatible-pointer-types]
   if( FIFO_ENQU(&uart_buffer,&i) == FIFO_NO_ERROR ){
                              ^
In file included from ..\main.c:9:0:
..\fifo.h:32:15: note: expected 'uint8_t * {aka unsigned char *}' but argument is of type 'uint32_t * {aka unsigned int *}'
 FIFO_STATUS_t FIFO_ENQU(FIFO_BUFFER_t* FIFO_INIT, TYPE* DATA );
               ^~~~~~~~~
..\main.c:27:11: warning: 'return' with a value, in function returning void
    return FIFO_NO_ERROR;
           ^~~~~~~~~~~~~
..\main.c:16:6: note: declared here
 void main(){
      ^~~~
..\main.c:32:29: warning: passing argument 2 of 'FIFO_DEQU' from incompatible pointer type [-Wincompatible-pointer-types]
  if( FIFO_DEQU(&uart_buffer,&temp) == FIFO_NO_ERROR){
                             ^
In file included from ..\main.c:9:0:
..\fifo.h:33:15: note: expected 'uint8_t * {aka unsigned char *}' but argument is of type 'uint32_t * {aka unsigned int *}'
 FIFO_STATUS_t FIFO_DEQU(FIFO_BUFFER_t* FIFO_INIT, TYPE* DATA );
               ^~~~~~~~~
..\main.c:37:29: warning: passing argument 2 of 'FIFO_DEQU' from incompatible pointer type [-Wincompatible-pointer-types]
  if( FIFO_DEQU(&uart_buffer,&temp) == FIFO_NO_ERROR){
                             ^
In file included from ..\main.c:9:0:
..\fifo.h:33:15: note: expected 'uint8_t * {aka unsigned char *}' but argument is of type 'uint32_t * {aka unsigned int *}'
 FIFO_STATUS_t FIFO_DEQU(FIFO_BUFFER_t* FIFO_INIT, TYPE* DATA );
               ^~~~~~~~~
gcc -o FIFO_project.exe fifo.o main.o 
16:23:59 **** Incremental Build of configuration Debug for project FIFO_project ****
Info: Internal Builder is used for build
gcc -O0 -g3 -Wall -c -fmessage-length=0 -o main.o "..\\main.c" 
..\main.c:16:6: warning: return type of 'main' is not 'int' [-Wmain]
 void main(){
      ^~~~
..\main.c: In function 'main':
..\main.c:25:30: warning: passing argument 2 of 'FIFO_ENQU' from incompatible pointer type [-Wincompatible-pointer-types]
   if( FIFO_ENQU(&uart_buffer,&i) == FIFO_NO_ERROR ){
                              ^
In file included from ..\main.c:9:0:
..\fifo.h:32:15: note: expected 'uint8_t * {aka unsigned char *}' but argument is of type 'uint32_t * {aka unsigned int *}'
 FIFO_STATUS_t FIFO_ENQU(FIFO_BUFFER_t* FIFO_INIT, TYPE* DATA );
               ^~~~~~~~~
..\main.c:33:29: warning: passing argument 2 of 'FIFO_DEQU' from incompatible pointer type [-Wincompatible-pointer-types]
  if( FIFO_DEQU(&uart_buffer,&temp) == FIFO_NO_ERROR){
                             ^
In file included from ..\main.c:9:0:
..\fifo.h:33:15: note: expected 'uint8_t * {aka unsigned char *}' but argument is of type 'uint32_t * {aka unsigned int *}'
 FIFO_STATUS_t FIFO_DEQU(FIFO_BUFFER_t* FIFO_INIT, TYPE* DATA );
               ^~~~~~~~~
..\main.c:38:29: warning: passing argument 2 of 'FIFO_DEQU' from incompatible pointer type [-Wincompatible-pointer-types]
  if( FIFO_DEQU(&uart_buffer,&temp) == FIFO_NO_ERROR){
                             ^
In file included from ..\main.c:9:0:
..\fifo.h:33:15: note: expected 'uint8_t * {aka unsigned char *}' but argument is of type 'uint32_t * {aka unsigned int *}'
 FIFO_STATUS_t FIFO_DEQU(FIFO_BUFFER_t* FIFO_INIT, TYPE* DATA );
               ^~~~~~~~~
gcc -o FIFO_project.exe fifo.o main.o 
16:24:21 **** Incremental Build of configuration Debug for project FIFO_project ****
Info: Internal Builder is used for build
gcc -O0 -g3 -Wall -c -fmessage-length=0 -o main.o "..\\main.c" 
..\main.c:16:6: warning: return type of 'main' is not 'int' [-Wmain]
 void main(){
      ^~~~
..\main.c: In function 'main':
..\main.c:25:30: warning: passing argument 2 of 'FIFO_ENQU' from incompatible pointer type [-Wincompatible-pointer-types]
   if( FIFO_ENQU(&uart_buffer,&i) == FIFO_NO_ERROR ){
                              ^
In file included from ..\main.c:9:0:
..\fifo.h:32:15: note: expected 'uint8_t * {aka unsigned char *}' but argument is of type 'uint32_t * {aka unsigned int *}'
 FIFO_STATUS_t FIFO_ENQU(FIFO_BUFFER_t* FIFO_INIT, TYPE* DATA );
               ^~~~~~~~~
..\main.c:34:29: warning: passing argument 2 of 'FIFO_DEQU' from incompatible pointer type [-Wincompatible-pointer-types]
  if( FIFO_DEQU(&uart_buffer,&temp) == FIFO_NO_ERROR){
                             ^
In file included from ..\main.c:9:0:
..\fifo.h:33:15: note: expected 'uint8_t * {aka unsigned char *}' but argument is of type 'uint32_t * {aka unsigned int *}'
 FIFO_STATUS_t FIFO_DEQU(FIFO_BUFFER_t* FIFO_INIT, TYPE* DATA );
               ^~~~~~~~~
..\main.c:39:29: warning: passing argument 2 of 'FIFO_DEQU' from incompatible pointer type [-Wincompatible-pointer-types]
  if( FIFO_DEQU(&uart_buffer,&temp) == FIFO_NO_ERROR){
                             ^
In file included from ..\main.c:9:0:
..\fifo.h:33:15: note: expected 'uint8_t * {aka unsigned char *}' but argument is of type 'uint32_t * {aka unsigned int *}'
 FIFO_STATUS_t FIFO_DEQU(FIFO_BUFFER_t* FIFO_INIT, TYPE* DATA );
               ^~~~~~~~~
gcc -o FIFO_project.exe fifo.o main.o 
Info: Nothing to build for FIFO_project
Info: Nothing to build for FIFO_project
16:27:33 **** Incremental Build of configuration Debug for project FIFO_project ****
Info: Internal Builder is used for build
gcc -O0 -g3 -Wall -c -fmessage-length=0 -o main.o "..\\main.c" 
..\main.c:16:6: warning: return type of 'main' is not 'int' [-Wmain]
 void main(){
      ^~~~
..\main.c: In function 'main':
..\main.c:25:30: warning: passing argument 2 of 'FIFO_ENQU' from incompatible pointer type [-Wincompatible-pointer-types]
   if( FIFO_ENQU(&uart_buffer,&i) == FIFO_NO_ERROR ){
                              ^
In file included from ..\main.c:9:0:
..\fifo.h:32:15: note: expected 'uint8_t * {aka unsigned char *}' but argument is of type 'uint32_t * {aka unsigned int *}'
 FIFO_STATUS_t FIFO_ENQU(FIFO_BUFFER_t* FIFO_INIT, TYPE* DATA );
               ^~~~~~~~~
..\main.c:27:11: warning: 'return' with a value, in function returning void
    return FIFO_NO_ERROR;
           ^~~~~~~~~~~~~
..\main.c:16:6: note: declared here
 void main(){
      ^~~~
..\main.c:35:29: warning: passing argument 2 of 'FIFO_DEQU' from incompatible pointer type [-Wincompatible-pointer-types]
  if( FIFO_DEQU(&uart_buffer,&temp) == FIFO_NO_ERROR){
                             ^
In file included from ..\main.c:9:0:
..\fifo.h:33:15: note: expected 'uint8_t * {aka unsigned char *}' but argument is of type 'uint32_t * {aka unsigned int *}'
 FIFO_STATUS_t FIFO_DEQU(FIFO_BUFFER_t* FIFO_INIT, TYPE* DATA );
               ^~~~~~~~~
..\main.c:40:29: warning: passing argument 2 of 'FIFO_DEQU' from incompatible pointer type [-Wincompatible-pointer-types]
  if( FIFO_DEQU(&uart_buffer,&temp) == FIFO_NO_ERROR){
                             ^
In file included from ..\main.c:9:0:
..\fifo.h:33:15: note: expected 'uint8_t * {aka unsigned char *}' but argument is of type 'uint32_t * {aka unsigned int *}'
 FIFO_STATUS_t FIFO_DEQU(FIFO_BUFFER_t* FIFO_INIT, TYPE* DATA );
               ^~~~~~~~~
gcc -o FIFO_project.exe fifo.o main.o 
16:27:59 **** Incremental Build of configuration Debug for project FIFO_project ****
Info: Internal Builder is used for build
gcc -O0 -g3 -Wall -c -fmessage-length=0 -o main.o "..\\main.c" 
..\main.c:16:6: warning: return type of 'main' is not 'int' [-Wmain]
 void main(){
      ^~~~
..\main.c: In function 'main':
..\main.c:25:30: warning: passing argument 2 of 'FIFO_ENQU' from incompatible pointer type [-Wincompatible-pointer-types]
   if( FIFO_ENQU(&uart_buffer,&i) == FIFO_NO_ERROR ){
                              ^
In file included from ..\main.c:9:0:
..\fifo.h:32:15: note: expected 'uint8_t * {aka unsigned char *}' but argument is of type 'uint32_t * {aka unsigned int *}'
 FIFO_STATUS_t FIFO_ENQU(FIFO_BUFFER_t* FIFO_INIT, TYPE* DATA );
               ^~~~~~~~~
..\main.c:29:11: warning: 'return' with a value, in function returning void
    return FIFO_FULL;
           ^~~~~~~~~
..\main.c:16:6: note: declared here
 void main(){
      ^~~~
..\main.c:34:29: warning: passing argument 2 of 'FIFO_DEQU' from incompatible pointer type [-Wincompatible-pointer-types]
  if( FIFO_DEQU(&uart_buffer,&temp) == FIFO_NO_ERROR){
                             ^
In file included from ..\main.c:9:0:
..\fifo.h:33:15: note: expected 'uint8_t * {aka unsigned char *}' but argument is of type 'uint32_t * {aka unsigned int *}'
 FIFO_STATUS_t FIFO_DEQU(FIFO_BUFFER_t* FIFO_INIT, TYPE* DATA );
               ^~~~~~~~~
..\main.c:39:29: warning: passing argument 2 of 'FIFO_DEQU' from incompatible pointer type [-Wincompatible-pointer-types]
  if( FIFO_DEQU(&uart_buffer,&temp) == FIFO_NO_ERROR){
                             ^
In file included from ..\main.c:9:0:
..\fifo.h:33:15: note: expected 'uint8_t * {aka unsigned char *}' but argument is of type 'uint32_t * {aka unsigned int *}'
 FIFO_STATUS_t FIFO_DEQU(FIFO_BUFFER_t* FIFO_INIT, TYPE* DATA );
               ^~~~~~~~~
gcc -o FIFO_project.exe fifo.o main.o 
Info: Nothing to build for FIFO_project
16:28:15 **** Incremental Build of configuration Debug for project FIFO_project ****
Info: Internal Builder is used for build
gcc -O0 -g3 -Wall -c -fmessage-length=0 -o main.o "..\\main.c" 
..\main.c:16:6: warning: return type of 'main' is not 'int' [-Wmain]
 void main(){
      ^~~~
..\main.c: In function 'main':
..\main.c:25:30: warning: passing argument 2 of 'FIFO_ENQU' from incompatible pointer type [-Wincompatible-pointer-types]
   if( FIFO_ENQU(&uart_buffer,&i) == FIFO_NO_ERROR ){
                              ^
In file included from ..\main.c:9:0:
..\fifo.h:32:15: note: expected 'uint8_t * {aka unsigned char *}' but argument is of type 'uint32_t * {aka unsigned int *}'
 FIFO_STATUS_t FIFO_ENQU(FIFO_BUFFER_t* FIFO_INIT, TYPE* DATA );
               ^~~~~~~~~
..\main.c:31:29: warning: passing argument 2 of 'FIFO_DEQU' from incompatible pointer type [-Wincompatible-pointer-types]
  if( FIFO_DEQU(&uart_buffer,&temp) == FIFO_NO_ERROR){
                             ^
In file included from ..\main.c:9:0:
..\fifo.h:33:15: note: expected 'uint8_t * {aka unsigned char *}' but argument is of type 'uint32_t * {aka unsigned int *}'
 FIFO_STATUS_t FIFO_DEQU(FIFO_BUFFER_t* FIFO_INIT, TYPE* DATA );
               ^~~~~~~~~
..\main.c:36:29: warning: passing argument 2 of 'FIFO_DEQU' from incompatible pointer type [-Wincompatible-pointer-types]
  if( FIFO_DEQU(&uart_buffer,&temp) == FIFO_NO_ERROR){
                             ^
In file included from ..\main.c:9:0:
..\fifo.h:33:15: note: expected 'uint8_t * {aka unsigned char *}' but argument is of type 'uint32_t * {aka unsigned int *}'
 FIFO_STATUS_t FIFO_DEQU(FIFO_BUFFER_t* FIFO_INIT, TYPE* DATA );
               ^~~~~~~~~
gcc -o FIFO_project.exe fifo.o main.o 
Info: Nothing to build for FIFO_project
Info: Nothing to build for FIFO_project
16:28:39 **** Incremental Build of configuration Debug for project FIFO_project ****
Info: Internal Builder is used for build
gcc -O0 -g3 -Wall -c -fmessage-length=0 -o fifo.o "..\\fifo.c" 
..\fifo.c: In function 'FIFO_DEQU':
..\fifo.c:79:1: warning: control reaches end of non-void function [-Wreturn-type]
 }
 ^
gcc -o FIFO_project.exe fifo.o main.o 
16:28:57 **** Incremental Build of configuration Debug for project FIFO_project ****
Info: Internal Builder is used for build
gcc -O0 -g3 -Wall -c -fmessage-length=0 -o fifo.o "..\\fifo.c" 
gcc -o FIFO_project.exe fifo.o main.o 
Info: Nothing to build for FIFO_project
16:30:20 **** Incremental Build of configuration Debug for project FIFO_project ****
Info: Internal Builder is used for build
gcc -O0 -g3 -Wall -c -fmessage-length=0 -o fifo.o "..\\fifo.c" 
gcc -o FIFO_project.exe fifo.o main.o 
Info: Nothing to build for FIFO_project
20:33:31 **** Rebuild of configuration Debug for project STUDENTS_DATABASE ****
Info: Internal Builder is used for build
gcc -O0 -g3 -Wall -c -fmessage-length=0 -o student.o "..\\student.c" 
gcc -O0 -g3 -Wall -c -fmessage-length=0 -o main.o "..\\main.c" 
..\main.c:10:19: warning: extra tokens at end of #include directive
 #include<stdlib.h>]
                   ^
..\main.c: In function 'addStudent':
..\main.c:40:18: error: 'SStudent_t' undeclared (first use in this function)
   pNewStudent = (SStudent_t*) malloc (sizeof(struct SStudent));
                  ^~~~~~~~~~
..\main.c:40:18: note: each undeclared identifier is reported only once for each function it appears in
..\main.c:40:29: error: expected expression before ')' token
   pNewStudent = (SStudent_t*) malloc (sizeof(struct SStudent));
                             ^
..\main.c:45:29: error: expected expression before ')' token
   pNewStudent = (SStudent_t*) malloc (sizeof(struct SStudent));
                             ^
..\main.c:49:2: warning: implicit declaration of function 'DPRINTF' [-Wimplicit-function-declaration]
  DPRINTF("\n Enter the ID: ");
  ^~~~~~~
..\main.c:54:7: warning: pointer targets in passing argument 1 of 'gets' differ in signedness [-Wpointer-sign]
  gets(pNewStudent->student.name);
       ^~~~~~~~~~~
In file included from ..\main.c:9:0:
c:\mingw\include\stdio.h:676:41: note: expected 'char *' but argument is of type 'uint8_t * {aka unsigned char *}'
 _CRTIMP __cdecl __MINGW_NOTHROW  char * gets (char *);
                                         ^~~~
..\main.c: At top level:
..\main.c:134:6: warning: return type of 'main' is not 'int' [-Wmain]
 void main(){
      ^~~~
..\main.c: In function 'deleteStudent':
..\main.c:95:1: warning: control reaches end of non-void function [-Wreturn-type]
 }
 ^
20:34:14 **** Incremental Build of configuration Debug for project STUDENTS_DATABASE ****
Info: Internal Builder is used for build
gcc -O0 -g3 -Wall -c -fmessage-length=0 -o main.o "..\\main.c" 
..\main.c:10:19: warning: extra tokens at end of #include directive
 #include<stdlib.h>]
                   ^
..\main.c: In function 'addStudent':
..\main.c:40:18: error: 'SStudent_t' undeclared (first use in this function)
   pNewStudent = (SStudent_t*) malloc (sizeof(struct SStudent));
                  ^~~~~~~~~~
..\main.c:40:18: note: each undeclared identifier is reported only once for each function it appears in
..\main.c:40:29: error: expected expression before ')' token
   pNewStudent = (SStudent_t*) malloc (sizeof(struct SStudent));
                             ^
..\main.c:45:29: error: expected expression before ')' token
   pNewStudent = (SStudent_t*) malloc (sizeof(struct SStudent));
                             ^
..\main.c:49:2: warning: implicit declaration of function 'DPRINTF' [-Wimplicit-function-declaration]
  DPRINTF("\n Enter the ID: ");
  ^~~~~~~
..\main.c:54:7: warning: pointer targets in passing argument 1 of 'gets' differ in signedness [-Wpointer-sign]
  gets(pNewStudent->student.name);
       ^~~~~~~~~~~
In file included from ..\main.c:9:0:
c:\mingw\include\stdio.h:676:41: note: expected 'char *' but argument is of type 'uint8_t * {aka unsigned char *}'
 _CRTIMP __cdecl __MINGW_NOTHROW  char * gets (char *);
                                         ^~~~
..\main.c: At top level:
..\main.c:134:6: warning: return type of 'main' is not 'int' [-Wmain]
 void main(){
      ^~~~
..\main.c: In function 'deleteStudent':
..\main.c:95:1: warning: control reaches end of non-void function [-Wreturn-type]
 }
 ^
20:34:58 **** Incremental Build of configuration Debug for project STUDENTS_DATABASE ****
Info: Internal Builder is used for build
gcc -O0 -g3 -Wall -c -fmessage-length=0 -o main.o "..\\main.c" 
..\main.c:10:19: warning: extra tokens at end of #include directive
 #include<stdlib.h>]
                   ^
..\main.c: In function 'addStudent':
..\main.c:40:18: error: 'SStudent_t' undeclared (first use in this function)
   pNewStudent = (SStudent_t*) malloc (sizeof(struct SStudent));
                  ^~~~~~~~~~
..\main.c:40:18: note: each undeclared identifier is reported only once for each function it appears in
..\main.c:40:29: error: expected expression before ')' token
   pNewStudent = (SStudent_t*) malloc (sizeof(struct SStudent));
                             ^
..\main.c:45:29: error: expected expression before ')' token
   pNewStudent = (SStudent_t*) malloc (sizeof(struct SStudent));
                             ^
..\main.c:49:2: warning: implicit declaration of function 'DPRINTF' [-Wimplicit-function-declaration]
  DPRINTF("\n Enter the ID: ");
  ^~~~~~~
..\main.c:54:7: warning: pointer targets in passing argument 1 of 'gets' differ in signedness [-Wpointer-sign]
  gets(pNewStudent->student.name);
       ^~~~~~~~~~~
In file included from ..\main.c:9:0:
c:\mingw\include\stdio.h:676:41: note: expected 'char *' but argument is of type 'uint8_t * {aka unsigned char *}'
 _CRTIMP __cdecl __MINGW_NOTHROW  char * gets (char *);
                                         ^~~~
..\main.c: At top level:
..\main.c:134:6: warning: return type of 'main' is not 'int' [-Wmain]
 void main(){
      ^~~~
..\main.c: In function 'deleteStudent':
..\main.c:95:1: warning: control reaches end of non-void function [-Wreturn-type]
 }
 ^
20:35:00 **** Incremental Build of configuration Debug for project STUDENTS_DATABASE ****
Info: Internal Builder is used for build
gcc -O0 -g3 -Wall -c -fmessage-length=0 -o main.o "..\\main.c" 
..\main.c:10:19: warning: extra tokens at end of #include directive
 #include<stdlib.h>]
                   ^
..\main.c: In function 'addStudent':
..\main.c:49:2: warning: implicit declaration of function 'DPRINTF' [-Wimplicit-function-declaration]
  DPRINTF("\n Enter the ID: ");
  ^~~~~~~
..\main.c:54:7: warning: pointer targets in passing argument 1 of 'gets' differ in signedness [-Wpointer-sign]
  gets(pNewStudent->student.name);
       ^~~~~~~~~~~
In file included from ..\main.c:9:0:
c:\mingw\include\stdio.h:676:41: note: expected 'char *' but argument is of type 'uint8_t * {aka unsigned char *}'
 _CRTIMP __cdecl __MINGW_NOTHROW  char * gets (char *);
                                         ^~~~
..\main.c: At top level:
..\main.c:134:6: warning: return type of 'main' is not 'int' [-Wmain]
 void main(){
      ^~~~
..\main.c: In function 'deleteStudent':
..\main.c:95:1: warning: control reaches end of non-void function [-Wreturn-type]
 }
 ^
gcc -o STUDENTS_DATABASE.exe main.o student.o 
main.o: In function `addStudent':
D:\Coruses\Embedded\Course_keroles\WorkSpace\Unit_4\Lesson_1\LIFO_project\STUDENTS_DATABASE\Debug/../main.c:49: undefined reference to `DPRINTF'
D:\Coruses\Embedded\Course_keroles\WorkSpace\Unit_4\Lesson_1\LIFO_project\STUDENTS_DATABASE\Debug/../main.c:53: undefined reference to `DPRINTF'
D:\Coruses\Embedded\Course_keroles\WorkSpace\Unit_4\Lesson_1\LIFO_project\STUDENTS_DATABASE\Debug/../main.c:56: undefined reference to `DPRINTF'
main.o: In function `deleteStudent':
D:\Coruses\Embedded\Course_keroles\WorkSpace\Unit_4\Lesson_1\LIFO_project\STUDENTS_DATABASE\Debug/../main.c:69: undefined reference to `DPRINTF'
D:\Coruses\Embedded\Course_keroles\WorkSpace\Unit_4\Lesson_1\LIFO_project\STUDENTS_DATABASE\Debug/../main.c:91: undefined reference to `DPRINTF'
main.o:D:\Coruses\Embedded\Course_keroles\WorkSpace\Unit_4\Lesson_1\LIFO_project\STUDENTS_DATABASE\Debug/../main.c:102: more undefined references to `DPRINTF' follow
collect2.exe: error: ld returned 1 exit status
20:35:11 **** Incremental Build of configuration Debug for project STUDENTS_DATABASE ****
Info: Internal Builder is used for build
gcc -O0 -g3 -Wall -c -fmessage-length=0 -o main.o "..\\main.c" 
..\main.c: In function 'addStudent':
..\main.c:49:2: warning: implicit declaration of function 'DPRINTF' [-Wimplicit-function-declaration]
  DPRINTF("\n Enter the ID: ");
  ^~~~~~~
..\main.c:54:7: warning: pointer targets in passing argument 1 of 'gets' differ in signedness [-Wpointer-sign]
  gets(pNewStudent->student.name);
       ^~~~~~~~~~~
In file included from ..\main.c:9:0:
c:\mingw\include\stdio.h:676:41: note: expected 'char *' but argument is of type 'uint8_t * {aka unsigned char *}'
 _CRTIMP __cdecl __MINGW_NOTHROW  char * gets (char *);
                                         ^~~~
..\main.c: At top level:
..\main.c:134:6: warning: return type of 'main' is not 'int' [-Wmain]
 void main(){
      ^~~~
..\main.c: In function 'deleteStudent':
..\main.c:95:1: warning: control reaches end of non-void function [-Wreturn-type]
 }
 ^
gcc -o STUDENTS_DATABASE.exe main.o student.o 
main.o: In function `addStudent':
D:\Coruses\Embedded\Course_keroles\WorkSpace\Unit_4\Lesson_1\LIFO_project\STUDENTS_DATABASE\Debug/../main.c:49: undefined reference to `DPRINTF'
D:\Coruses\Embedded\Course_keroles\WorkSpace\Unit_4\Lesson_1\LIFO_project\STUDENTS_DATABASE\Debug/../main.c:53: undefined reference to `DPRINTF'
D:\Coruses\Embedded\Course_keroles\WorkSpace\Unit_4\Lesson_1\LIFO_project\STUDENTS_DATABASE\Debug/../main.c:56: undefined reference to `DPRINTF'
main.o: In function `deleteStudent':
D:\Coruses\Embedded\Course_keroles\WorkSpace\Unit_4\Lesson_1\LIFO_project\STUDENTS_DATABASE\Debug/../main.c:69: undefined reference to `DPRINTF'
D:\Coruses\Embedded\Course_keroles\WorkSpace\Unit_4\Lesson_1\LIFO_project\STUDENTS_DATABASE\Debug/../main.c:91: undefined reference to `DPRINTF'
main.o:D:\Coruses\Embedded\Course_keroles\WorkSpace\Unit_4\Lesson_1\LIFO_project\STUDENTS_DATABASE\Debug/../main.c:102: more undefined references to `DPRINTF' follow
collect2.exe: error: ld returned 1 exit status
20:37:28 **** Incremental Build of configuration Debug for project STUDENTS_DATABASE ****
Info: Internal Builder is used for build
gcc -O0 -g3 -Wall -c -fmessage-length=0 -o main.o "..\\main.c" 
..\main.c: In function 'addStudent':
..\main.c:17:7: warning: implicit declaration of function 'DPRINTF' [-Wimplicit-function-declaration]
       DPRINTF(__VA_ARGS__)\
       ^
..\main.c:49:2: note: in expansion of macro 'DPRINTF'
  DPRINTF("\n Enter the ID: ");
  ^~~~~~~
..\main.c:18:7: error: expected ';' before 'fflush'
       fflush(stdout); \
       ^
..\main.c:49:2: note: in expansion of macro 'DPRINTF'
  DPRINTF("\n Enter the ID: ");
  ^~~~~~~
..\main.c:18:7: error: expected ';' before 'fflush'
       fflush(stdout); \
       ^
..\main.c:53:2: note: in expansion of macro 'DPRINTF'
  DPRINTF("\n Enter the Name: ");
  ^~~~~~~
..\main.c:54:7: warning: pointer targets in passing argument 1 of 'gets' differ in signedness [-Wpointer-sign]
  gets(pNewStudent->student.name);
       ^~~~~~~~~~~
In file included from ..\main.c:9:0:
c:\mingw\include\stdio.h:676:41: note: expected 'char *' but argument is of type 'uint8_t * {aka unsigned char *}'
 _CRTIMP __cdecl __MINGW_NOTHROW  char * gets (char *);
                                         ^~~~
..\main.c:18:7: error: expected ';' before 'fflush'
       fflush(stdout); \
       ^
..\main.c:56:2: note: in expansion of macro 'DPRINTF'
  DPRINTF("\n Enter the Height: ");
  ^~~~~~~
..\main.c: In function 'deleteStudent':
..\main.c:18:7: error: expected ';' before 'fflush'
       fflush(stdout); \
       ^
..\main.c:69:2: note: in expansion of macro 'DPRINTF'
  DPRINTF("Select the ID: ");
  ^~~~~~~
..\main.c:18:7: error: expected ';' before 'fflush'
       fflush(stdout); \
       ^
..\main.c:91:3: note: in expansion of macro 'DPRINTF'
   DPRINTF("\n can't find the id");
   ^~~~~~~
..\main.c: In function 'view_students':
..\main.c:18:7: error: expected ';' before 'fflush'
       fflush(stdout); \
       ^
..\main.c:102:3: note: in expansion of macro 'DPRINTF'
   DPRINTF("\n Empty List");
   ^~~~~~~
..\main.c:103:2: error: 'else' without a previous 'if'
  else{
  ^~~~
..\main.c:18:7: error: expected ';' before 'fflush'
       fflush(stdout); \
       ^
..\main.c:105:4: note: in expansion of macro 'DPRINTF'
    DPRINTF("\n Record Number %d\n",count);
    ^~~~~~~
..\main.c:18:7: error: expected ';' before 'fflush'
       fflush(stdout); \
       ^
..\main.c:106:4: note: in expansion of macro 'DPRINTF'
    DPRINTF("\t ID: %d",currentStudent->student.id);
    ^~~~~~~
..\main.c:18:7: error: expected ';' before 'fflush'
       fflush(stdout); \
       ^
..\main.c:107:4: note: in expansion of macro 'DPRINTF'
    DPRINTF("\t Name: %s",currentStudent->student.name);
    ^~~~~~~
..\main.c:18:7: error: expected ';' before 'fflush'
       fflush(stdout); \
       ^
..\main.c:108:4: note: in expansion of macro 'DPRINTF'
    DPRINTF("\t Name: %.1f",currentStudent->student.height);
    ^~~~~~~
..\main.c: In function 'deleteAll':
..\main.c:18:7: error: expected ';' before 'fflush'
       fflush(stdout); \
       ^
..\main.c:122:3: note: in expansion of macro 'DPRINTF'
   DPRINTF("\n Empty List");
   ^~~~~~~
..\main.c:123:2: error: 'else' without a previous 'if'
  else{
  ^~~~
..\main.c: At top level:
..\main.c:134:6: warning: return type of 'main' is not 'int' [-Wmain]
 void main(){
      ^~~~
..\main.c: In function 'main':
..\main.c:18:7: error: expected ';' before 'fflush'
       fflush(stdout); \
       ^
..\main.c:139:3: note: in expansion of macro 'DPRINTF'
   DPRINTF("\n=======================");
   ^~~~~~~
..\main.c:18:7: error: expected ';' before 'fflush'
       fflush(stdout); \
       ^
..\main.c:140:3: note: in expansion of macro 'DPRINTF'
   DPRINTF("\n\t Choose one of the following options\n");
   ^~~~~~~
..\main.c:18:7: error: expected ';' before 'fflush'
       fflush(stdout); \
       ^
..\main.c:141:3: note: in expansion of macro 'DPRINTF'
   DPRINTF("\n 1: Add student");
   ^~~~~~~
..\main.c:18:7: error: expected ';' before 'fflush'
       fflush(stdout); \
       ^
..\main.c:142:3: note: in expansion of macro 'DPRINTF'
   DPRINTF("\n 2: Delete student");
   ^~~~~~~
..\main.c:18:7: error: expected ';' before 'fflush'
       fflush(stdout); \
       ^
..\main.c:143:3: note: in expansion of macro 'DPRINTF'
   DPRINTF("\n 3: View All Students");
   ^~~~~~~
..\main.c:18:7: error: expected ';' before 'fflush'
       fflush(stdout); \
       ^
..\main.c:144:3: note: in expansion of macro 'DPRINTF'
   DPRINTF("\n 4: Delete All Students");
   ^~~~~~~
..\main.c:18:7: error: expected ';' before 'fflush'
       fflush(stdout); \
       ^
..\main.c:145:3: note: in expansion of macro 'DPRINTF'
   DPRINTF("\n Enter option Number: ");
   ^~~~~~~
..\main.c:18:7: error: expected ';' before 'fflush'
       fflush(stdout); \
       ^
..\main.c:147:3: note: in expansion of macro 'DPRINTF'
   DPRINTF("\n=======================");
   ^~~~~~~
..\main.c:18:7: error: expected ';' before 'fflush'
       fflush(stdout); \
       ^
..\main.c:167:4: note: in expansion of macro 'DPRINTF'
    DPRINTF("\nwrong option ");
    ^~~~~~~
..\main.c: In function 'deleteStudent':
..\main.c:95:1: warning: control reaches end of non-void function [-Wreturn-type]
 }
 ^
20:38:30 **** Incremental Build of configuration Debug for project STUDENTS_DATABASE ****
Info: Internal Builder is used for build
gcc -O0 -g3 -Wall -c -fmessage-length=0 -o main.o "..\\main.c" 
..\main.c: In function 'addStudent':
..\main.c:17:9: warning: implicit declaration of function 'DPRINTF' [-Wimplicit-function-declaration]
         DPRINTF(__VA_ARGS__)\
         ^
..\main.c:49:2: note: in expansion of macro 'DPRINTF'
  DPRINTF("\n Enter the ID: ");
  ^~~~~~~
..\main.c:18:9: error: expected ';' before 'fflush'
         fflush(stdout); \
         ^
..\main.c:49:2: note: in expansion of macro 'DPRINTF'
  DPRINTF("\n Enter the ID: ");
  ^~~~~~~
..\main.c:18:9: error: expected ';' before 'fflush'
         fflush(stdout); \
         ^
..\main.c:53:2: note: in expansion of macro 'DPRINTF'
  DPRINTF("\n Enter the Name: ");
  ^~~~~~~
..\main.c:54:7: warning: pointer targets in passing argument 1 of 'gets' differ in signedness [-Wpointer-sign]
  gets(pNewStudent->student.name);
       ^~~~~~~~~~~
In file included from ..\main.c:9:0:
c:\mingw\include\stdio.h:676:41: note: expected 'char *' but argument is of type 'uint8_t * {aka unsigned char *}'
 _CRTIMP __cdecl __MINGW_NOTHROW  char * gets (char *);
                                         ^~~~
..\main.c:18:9: error: expected ';' before 'fflush'
         fflush(stdout); \
         ^
..\main.c:56:2: note: in expansion of macro 'DPRINTF'
  DPRINTF("\n Enter the Height: ");
  ^~~~~~~
..\main.c: In function 'deleteStudent':
..\main.c:18:9: error: expected ';' before 'fflush'
         fflush(stdout); \
         ^
..\main.c:69:2: note: in expansion of macro 'DPRINTF'
  DPRINTF("Select the ID: ");
  ^~~~~~~
..\main.c:18:9: error: expected ';' before 'fflush'
         fflush(stdout); \
         ^
..\main.c:91:3: note: in expansion of macro 'DPRINTF'
   DPRINTF("\n can't find the id");
   ^~~~~~~
..\main.c: In function 'view_students':
..\main.c:18:9: error: expected ';' before 'fflush'
         fflush(stdout); \
         ^
..\main.c:102:3: note: in expansion of macro 'DPRINTF'
   DPRINTF("\n Empty List");
   ^~~~~~~
..\main.c:103:2: error: 'else' without a previous 'if'
  else{
  ^~~~
..\main.c:18:9: error: expected ';' before 'fflush'
         fflush(stdout); \
         ^
..\main.c:105:4: note: in expansion of macro 'DPRINTF'
    DPRINTF("\n Record Number %d\n",count);
    ^~~~~~~
..\main.c:18:9: error: expected ';' before 'fflush'
         fflush(stdout); \
         ^
..\main.c:106:4: note: in expansion of macro 'DPRINTF'
    DPRINTF("\t ID: %d",currentStudent->student.id);
    ^~~~~~~
..\main.c:18:9: error: expected ';' before 'fflush'
         fflush(stdout); \
         ^
..\main.c:107:4: note: in expansion of macro 'DPRINTF'
    DPRINTF("\t Name: %s",currentStudent->student.name);
    ^~~~~~~
..\main.c:18:9: error: expected ';' before 'fflush'
         fflush(stdout); \
         ^
..\main.c:108:4: note: in expansion of macro 'DPRINTF'
    DPRINTF("\t Name: %.1f",currentStudent->student.height);
    ^~~~~~~
..\main.c: In function 'deleteAll':
..\main.c:18:9: error: expected ';' before 'fflush'
         fflush(stdout); \
         ^
..\main.c:122:3: note: in expansion of macro 'DPRINTF'
   DPRINTF("\n Empty List");
   ^~~~~~~
..\main.c:123:2: error: 'else' without a previous 'if'
  else{
  ^~~~
..\main.c: At top level:
..\main.c:134:6: warning: return type of 'main' is not 'int' [-Wmain]
 void main(){
      ^~~~
..\main.c: In function 'main':
..\main.c:18:9: error: expected ';' before 'fflush'
         fflush(stdout); \
         ^
..\main.c:139:3: note: in expansion of macro 'DPRINTF'
   DPRINTF("\n=======================");
   ^~~~~~~
..\main.c:18:9: error: expected ';' before 'fflush'
         fflush(stdout); \
         ^
..\main.c:140:3: note: in expansion of macro 'DPRINTF'
   DPRINTF("\n\t Choose one of the following options\n");
   ^~~~~~~
..\main.c:18:9: error: expected ';' before 'fflush'
         fflush(stdout); \
         ^
..\main.c:141:3: note: in expansion of macro 'DPRINTF'
   DPRINTF("\n 1: Add student");
   ^~~~~~~
..\main.c:18:9: error: expected ';' before 'fflush'
         fflush(stdout); \
         ^
..\main.c:142:3: note: in expansion of macro 'DPRINTF'
   DPRINTF("\n 2: Delete student");
   ^~~~~~~
..\main.c:18:9: error: expected ';' before 'fflush'
         fflush(stdout); \
         ^
..\main.c:143:3: note: in expansion of macro 'DPRINTF'
   DPRINTF("\n 3: View All Students");
   ^~~~~~~
..\main.c:18:9: error: expected ';' before 'fflush'
         fflush(stdout); \
         ^
..\main.c:144:3: note: in expansion of macro 'DPRINTF'
   DPRINTF("\n 4: Delete All Students");
   ^~~~~~~
..\main.c:18:9: error: expected ';' before 'fflush'
         fflush(stdout); \
         ^
..\main.c:145:3: note: in expansion of macro 'DPRINTF'
   DPRINTF("\n Enter option Number: ");
   ^~~~~~~
..\main.c:18:9: error: expected ';' before 'fflush'
         fflush(stdout); \
         ^
..\main.c:147:3: note: in expansion of macro 'DPRINTF'
   DPRINTF("\n=======================");
   ^~~~~~~
..\main.c:18:9: error: expected ';' before 'fflush'
         fflush(stdout); \
         ^
..\main.c:167:4: note: in expansion of macro 'DPRINTF'
    DPRINTF("\nwrong option ");
    ^~~~~~~
..\main.c: In function 'deleteStudent':
..\main.c:95:1: warning: control reaches end of non-void function [-Wreturn-type]
 }
 ^
20:39:44 **** Incremental Build of configuration Debug for project STUDENTS_DATABASE ****
Info: Internal Builder is used for build
gcc -O0 -g3 -Wall -c -fmessage-length=0 -o main.o "..\\main.c" 
..\main.c: In function 'addStudent':
..\main.c:17:9: warning: implicit declaration of function 'DPRINTF' [-Wimplicit-function-declaration]
         DPRINTF(__VA_ARGS__);\
         ^
..\main.c:49:2: note: in expansion of macro 'DPRINTF'
  DPRINTF("\n Enter the ID: ");
  ^~~~~~~
..\main.c:54:7: warning: pointer targets in passing argument 1 of 'gets' differ in signedness [-Wpointer-sign]
  gets(pNewStudent->student.name);
       ^~~~~~~~~~~
In file included from ..\main.c:9:0:
c:\mingw\include\stdio.h:676:41: note: expected 'char *' but argument is of type 'uint8_t * {aka unsigned char *}'
 _CRTIMP __cdecl __MINGW_NOTHROW  char * gets (char *);
                                         ^~~~
..\main.c: In function 'view_students':
..\main.c:103:2: error: 'else' without a previous 'if'
  else{
  ^~~~
..\main.c: In function 'deleteAll':
..\main.c:123:2: error: 'else' without a previous 'if'
  else{
  ^~~~
..\main.c: At top level:
..\main.c:134:6: warning: return type of 'main' is not 'int' [-Wmain]
 void main(){
      ^~~~
..\main.c: In function 'deleteStudent':
..\main.c:95:1: warning: control reaches end of non-void function [-Wreturn-type]
 }
 ^
20:39:47 **** Incremental Build of configuration Debug for project STUDENTS_DATABASE ****
Info: Internal Builder is used for build
gcc -O0 -g3 -Wall -c -fmessage-length=0 -o main.o "..\\main.c" 
..\main.c: In function 'addStudent':
..\main.c:17:9: warning: implicit declaration of function 'DPRINTF' [-Wimplicit-function-declaration]
         DPRINTF(__VA_ARGS__);\
         ^
..\main.c:49:2: note: in expansion of macro 'DPRINTF'
  DPRINTF("\n Enter the ID: ");
  ^~~~~~~
..\main.c:54:7: warning: pointer targets in passing argument 1 of 'gets' differ in signedness [-Wpointer-sign]
  gets(pNewStudent->student.name);
       ^~~~~~~~~~~
In file included from ..\main.c:9:0:
c:\mingw\include\stdio.h:676:41: note: expected 'char *' but argument is of type 'uint8_t * {aka unsigned char *}'
 _CRTIMP __cdecl __MINGW_NOTHROW  char * gets (char *);
                                         ^~~~
..\main.c: In function 'view_students':
..\main.c:103:2: error: 'else' without a previous 'if'
  else{
  ^~~~
..\main.c: In function 'deleteAll':
..\main.c:123:2: error: 'else' without a previous 'if'
  else{
  ^~~~
..\main.c: At top level:
..\main.c:134:6: warning: return type of 'main' is not 'int' [-Wmain]
 void main(){
      ^~~~
..\main.c: In function 'deleteStudent':
..\main.c:95:1: warning: control reaches end of non-void function [-Wreturn-type]
 }
 ^
20:40:13 **** Incremental Build of configuration Debug for project STUDENTS_DATABASE ****
Info: Internal Builder is used for build
gcc -O0 -g3 -Wall -c -fmessage-length=0 -o main.o "..\\main.c" 
..\main.c: In function 'addStudent':
..\main.c:17:9: warning: implicit declaration of function 'DPRINTF' [-Wimplicit-function-declaration]
         DPRINTF(__VA_ARGS__);\
         ^
..\main.c:49:2: note: in expansion of macro 'DPRINTF'
  DPRINTF("\n Enter the ID: ");
  ^~~~~~~
..\main.c:54:7: warning: pointer targets in passing argument 1 of 'gets' differ in signedness [-Wpointer-sign]
  gets(pNewStudent->student.name);
       ^~~~~~~~~~~
In file included from ..\main.c:9:0:
c:\mingw\include\stdio.h:676:41: note: expected 'char *' but argument is of type 'uint8_t * {aka unsigned char *}'
 _CRTIMP __cdecl __MINGW_NOTHROW  char * gets (char *);
                                         ^~~~
..\main.c: In function 'view_students':
..\main.c:103:2: error: 'else' without a previous 'if'
  else{
  ^~~~
..\main.c: At top level:
..\main.c:135:6: warning: return type of 'main' is not 'int' [-Wmain]
 void main(){
      ^~~~
..\main.c: In function 'deleteStudent':
..\main.c:95:1: warning: control reaches end of non-void function [-Wreturn-type]
 }
 ^
20:40:25 **** Incremental Build of configuration Debug for project STUDENTS_DATABASE ****
Info: Internal Builder is used for build
gcc -O0 -g3 -Wall -c -fmessage-length=0 -o main.o "..\\main.c" 
..\main.c: In function 'addStudent':
..\main.c:17:9: warning: implicit declaration of function 'DPRINTF' [-Wimplicit-function-declaration]
         DPRINTF(__VA_ARGS__);\
         ^
..\main.c:49:2: note: in expansion of macro 'DPRINTF'
  DPRINTF("\n Enter the ID: ");
  ^~~~~~~
..\main.c:54:7: warning: pointer targets in passing argument 1 of 'gets' differ in signedness [-Wpointer-sign]
  gets(pNewStudent->student.name);
       ^~~~~~~~~~~
In file included from ..\main.c:9:0:
c:\mingw\include\stdio.h:676:41: note: expected 'char *' but argument is of type 'uint8_t * {aka unsigned char *}'
 _CRTIMP __cdecl __MINGW_NOTHROW  char * gets (char *);
                                         ^~~~
..\main.c: At top level:
..\main.c:136:6: warning: return type of 'main' is not 'int' [-Wmain]
 void main(){
      ^~~~
..\main.c: In function 'deleteStudent':
..\main.c:95:1: warning: control reaches end of non-void function [-Wreturn-type]
 }
 ^
gcc -o STUDENTS_DATABASE.exe main.o student.o 
main.o: In function `addStudent':
D:\Coruses\Embedded\Course_keroles\WorkSpace\Unit_4\Lesson_1\LIFO_project\STUDENTS_DATABASE\Debug/../main.c:49: undefined reference to `DPRINTF'
D:\Coruses\Embedded\Course_keroles\WorkSpace\Unit_4\Lesson_1\LIFO_project\STUDENTS_DATABASE\Debug/../main.c:53: undefined reference to `DPRINTF'
D:\Coruses\Embedded\Course_keroles\WorkSpace\Unit_4\Lesson_1\LIFO_project\STUDENTS_DATABASE\Debug/../main.c:56: undefined reference to `DPRINTF'
main.o: In function `deleteStudent':
D:\Coruses\Embedded\Course_keroles\WorkSpace\Unit_4\Lesson_1\LIFO_project\STUDENTS_DATABASE\Debug/../main.c:69: undefined reference to `DPRINTF'
D:\Coruses\Embedded\Course_keroles\WorkSpace\Unit_4\Lesson_1\LIFO_project\STUDENTS_DATABASE\Debug/../main.c:91: undefined reference to `DPRINTF'
main.o:D:\Coruses\Embedded\Course_keroles\WorkSpace\Unit_4\Lesson_1\LIFO_project\STUDENTS_DATABASE\Debug/../main.c:102: more undefined references to `DPRINTF' follow
collect2.exe: error: ld returned 1 exit status
20:40:35 **** Incremental Build of configuration Debug for project STUDENTS_DATABASE ****
Info: Internal Builder is used for build
gcc -o STUDENTS_DATABASE.exe main.o student.o 
main.o: In function `addStudent':
D:\Coruses\Embedded\Course_keroles\WorkSpace\Unit_4\Lesson_1\LIFO_project\STUDENTS_DATABASE\Debug/../main.c:49: undefined reference to `DPRINTF'
D:\Coruses\Embedded\Course_keroles\WorkSpace\Unit_4\Lesson_1\LIFO_project\STUDENTS_DATABASE\Debug/../main.c:53: undefined reference to `DPRINTF'
D:\Coruses\Embedded\Course_keroles\WorkSpace\Unit_4\Lesson_1\LIFO_project\STUDENTS_DATABASE\Debug/../main.c:56: undefined reference to `DPRINTF'
main.o: In function `deleteStudent':
D:\Coruses\Embedded\Course_keroles\WorkSpace\Unit_4\Lesson_1\LIFO_project\STUDENTS_DATABASE\Debug/../main.c:69: undefined reference to `DPRINTF'
D:\Coruses\Embedded\Course_keroles\WorkSpace\Unit_4\Lesson_1\LIFO_project\STUDENTS_DATABASE\Debug/../main.c:91: undefined reference to `DPRINTF'
main.o:D:\Coruses\Embedded\Course_keroles\WorkSpace\Unit_4\Lesson_1\LIFO_project\STUDENTS_DATABASE\Debug/../main.c:102: more undefined references to `DPRINTF' follow
collect2.exe: error: ld returned 1 exit status
20:41:10 **** Incremental Build of configuration Debug for project STUDENTS_DATABASE ****
Info: Internal Builder is used for build
gcc -O0 -g3 -Wall -c -fmessage-length=0 -o main.o "..\\main.c" 
..\main.c: In function 'addStudent':
..\main.c:17:9: warning: implicit declaration of function 'DPRINTF' [-Wimplicit-function-declaration]
         DPRINTF(__VA_ARGS__);\
         ^
..\main.c:49:2: note: in expansion of macro 'DPRINTF'
  DPRINTF("\n Enter the ID: ");
  ^~~~~~~
..\main.c:54:7: warning: pointer targets in passing argument 1 of 'gets' differ in signedness [-Wpointer-sign]
  gets(pNewStudent->student.name);
       ^~~~~~~~~~~
In file included from ..\main.c:9:0:
c:\mingw\include\stdio.h:676:41: note: expected 'char *' but argument is of type 'uint8_t * {aka unsigned char *}'
 _CRTIMP __cdecl __MINGW_NOTHROW  char * gets (char *);
                                         ^~~~
..\main.c: At top level:
..\main.c:136:6: warning: return type of 'main' is not 'int' [-Wmain]
 void main(){
      ^~~~
..\main.c: In function 'deleteStudent':
..\main.c:95:1: warning: control reaches end of non-void function [-Wreturn-type]
 }
 ^
gcc -o STUDENTS_DATABASE.exe main.o student.o 
main.o: In function `addStudent':
D:\Coruses\Embedded\Course_keroles\WorkSpace\Unit_4\Lesson_1\LIFO_project\STUDENTS_DATABASE\Debug/../main.c:49: undefined reference to `DPRINTF'
D:\Coruses\Embedded\Course_keroles\WorkSpace\Unit_4\Lesson_1\LIFO_project\STUDENTS_DATABASE\Debug/../main.c:53: undefined reference to `DPRINTF'
D:\Coruses\Embedded\Course_keroles\WorkSpace\Unit_4\Lesson_1\LIFO_project\STUDENTS_DATABASE\Debug/../main.c:56: undefined reference to `DPRINTF'
main.o: In function `deleteStudent':
D:\Coruses\Embedded\Course_keroles\WorkSpace\Unit_4\Lesson_1\LIFO_project\STUDENTS_DATABASE\Debug/../main.c:69: undefined reference to `DPRINTF'
D:\Coruses\Embedded\Course_keroles\WorkSpace\Unit_4\Lesson_1\LIFO_project\STUDENTS_DATABASE\Debug/../main.c:91: undefined reference to `DPRINTF'
main.o:D:\Coruses\Embedded\Course_keroles\WorkSpace\Unit_4\Lesson_1\LIFO_project\STUDENTS_DATABASE\Debug/../main.c:102: more undefined references to `DPRINTF' follow
collect2.exe: error: ld returned 1 exit status
20:43:05 **** Incremental Build of configuration Debug for project STUDENTS_DATABASE ****
Info: Internal Builder is used for build
gcc -O0 -g3 -Wall -c -fmessage-length=0 -o main.o "..\\main.c" 
..\main.c: In function 'addStudent':
..\main.c:17:9: warning: implicit declaration of function 'DPRINTF' [-Wimplicit-function-declaration]
         DPRINTF(__VA_ARGS__);\
         ^
..\main.c:49:2: note: in expansion of macro 'DPRINTF'
  DPRINTF("\n Enter the ID: ");
  ^~~~~~~
..\main.c: At top level:
..\main.c:136:6: warning: return type of 'main' is not 'int' [-Wmain]
 void main(){
      ^~~~
..\main.c: In function 'deleteStudent':
..\main.c:95:1: warning: control reaches end of non-void function [-Wreturn-type]
 }
 ^
gcc -o STUDENTS_DATABASE.exe main.o student.o 
main.o: In function `addStudent':
D:\Coruses\Embedded\Course_keroles\WorkSpace\Unit_4\Lesson_1\LIFO_project\STUDENTS_DATABASE\Debug/../main.c:49: undefined reference to `DPRINTF'
D:\Coruses\Embedded\Course_keroles\WorkSpace\Unit_4\Lesson_1\LIFO_project\STUDENTS_DATABASE\Debug/../main.c:53: undefined reference to `DPRINTF'
D:\Coruses\Embedded\Course_keroles\WorkSpace\Unit_4\Lesson_1\LIFO_project\STUDENTS_DATABASE\Debug/../main.c:56: undefined reference to `DPRINTF'
main.o: In function `deleteStudent':
D:\Coruses\Embedded\Course_keroles\WorkSpace\Unit_4\Lesson_1\LIFO_project\STUDENTS_DATABASE\Debug/../main.c:69: undefined reference to `DPRINTF'
D:\Coruses\Embedded\Course_keroles\WorkSpace\Unit_4\Lesson_1\LIFO_project\STUDENTS_DATABASE\Debug/../main.c:91: undefined reference to `DPRINTF'
main.o:D:\Coruses\Embedded\Course_keroles\WorkSpace\Unit_4\Lesson_1\LIFO_project\STUDENTS_DATABASE\Debug/../main.c:102: more undefined references to `DPRINTF' follow
collect2.exe: error: ld returned 1 exit status
20:43:34 **** Incremental Build of configuration Debug for project STUDENTS_DATABASE ****
Info: Internal Builder is used for build
gcc -O0 -g3 -Wall -c -fmessage-length=0 -o main.o "..\\main.c" 
..\main.c:136:6: warning: return type of 'main' is not 'int' [-Wmain]
 void main(){
      ^~~~
..\main.c: In function 'deleteStudent':
..\main.c:95:1: warning: control reaches end of non-void function [-Wreturn-type]
 }
 ^
gcc -o STUDENTS_DATABASE.exe main.o student.o 
Info: Nothing to build for STUDENTS_DATABASE
Info: Nothing to build for STUDENTS_DATABASE
Info: Nothing to build for STUDENTS_DATABASE
20:46:46 **** Incremental Build of configuration Debug for project STUDENTS_DATABASE ****
Info: Internal Builder is used for build
gcc -O0 -g3 -Wall -c -fmessage-length=0 -o main.o "..\\main.c" 
..\main.c:136:6: warning: return type of 'main' is not 'int' [-Wmain]
 void main(){
      ^~~~
..\main.c: In function 'deleteStudent':
..\main.c:95:1: warning: control reaches end of non-void function [-Wreturn-type]
 }
 ^
gcc -o STUDENTS_DATABASE.exe main.o student.o 
20:51:29 **** Incremental Build of configuration Debug for project STUDENTS_DATABASE ****
Info: Internal Builder is used for build
gcc -O0 -g3 -Wall -c -fmessage-length=0 -o main.o "..\\main.c" 
..\main.c:137:6: warning: return type of 'main' is not 'int' [-Wmain]
 void main(){
      ^~~~
gcc -o STUDENTS_DATABASE.exe main.o student.o 
Info: Nothing to build for STUDENTS_DATABASE
Info: Nothing to build for STUDENTS_DATABASE
Info: Nothing to build for STUDENTS_DATABASE
Info: Nothing to build for STUDENTS_DATABASE
Info: Nothing to build for STUDENTS_DATABASE
20:57:25 **** Incremental Build of configuration Debug for project STUDENTS_DATABASE ****
Info: Internal Builder is used for build
gcc -O0 -g3 -Wall -c -fmessage-length=0 -o main.o "..\\main.c" 
..\main.c:138:6: warning: return type of 'main' is not 'int' [-Wmain]
 void main(){
      ^~~~
gcc -o STUDENTS_DATABASE.exe main.o student.o 
Info: Nothing to build for STUDENTS_DATABASE
03:29:17 **** Rebuild of configuration Debug for project test ****
Info: Internal Builder is used for build
gcc -O0 -g3 -Wall -c -fmessage-length=0 -o main.o "..\\main.c" 
..\main.c:11:6: warning: return type of 'main' is not 'int' [-Wmain]
 void main(void){
      ^~~~
..\main.c: In function 'main':
..\main.c:14:7: warning: passing argument 1 of 'gets' from incompatible pointer type [-Wincompatible-pointer-types]
  gets(rx_string);
       ^~~~~~~~~
In file included from ..\main.c:9:0:
c:\mingw\include\stdio.h:676:41: note: expected 'char *' but argument is of type 'void (*)(unsigned char *)'
 _CRTIMP __cdecl __MINGW_NOTHROW  char * gets (char *);
                                         ^~~~
gcc -O0 -g3 -Wall -c -fmessage-length=0 -o uart.o "..\\uart.c" 
gcc -o test.exe main.o uart.o 
03:29:29 **** Incremental Build of configuration Debug for project test ****
Info: Internal Builder is used for build
gcc -O0 -g3 -Wall -c -fmessage-length=0 -o main.o "..\\main.c" 
..\main.c:11:6: warning: return type of 'main' is not 'int' [-Wmain]
 void main(void){
      ^~~~
..\main.c: In function 'main':
..\main.c:14:7: warning: passing argument 1 of 'gets' discards 'volatile' qualifier from pointer target type [-Wdiscarded-qualifiers]
  gets(tx_string);
       ^~~~~~~~~
In file included from ..\main.c:9:0:
c:\mingw\include\stdio.h:676:41: note: expected 'char *' but argument is of type 'volatile unsigned char *'
 _CRTIMP __cdecl __MINGW_NOTHROW  char * gets (char *);
                                         ^~~~
gcc -o test.exe main.o uart.o 
03:29:44 **** Incremental Build of configuration Debug for project test ****
Info: Internal Builder is used for build
gcc -O0 -g3 -Wall -c -fmessage-length=0 -o main.o "..\\main.c" 
..\main.c: In function 'main':
..\main.c:14:7: warning: passing argument 1 of 'gets' discards 'volatile' qualifier from pointer target type [-Wdiscarded-qualifiers]
  gets(tx_string);
       ^~~~~~~~~
In file included from ..\main.c:9:0:
c:\mingw\include\stdio.h:676:41: note: expected 'char *' but argument is of type 'volatile unsigned char *'
 _CRTIMP __cdecl __MINGW_NOTHROW  char * gets (char *);
                                         ^~~~
gcc -o test.exe main.o uart.o 
03:29:54 **** Incremental Build of configuration Debug for project test ****
Info: Internal Builder is used for build
gcc -O0 -g3 -Wall -c -fmessage-length=0 -o main.o "..\\main.c" 
..\main.c: In function 'main':
..\main.c:14:7: warning: pointer targets in passing argument 1 of 'gets' differ in signedness [-Wpointer-sign]
  gets(tx_string);
       ^~~~~~~~~
In file included from ..\main.c:9:0:
c:\mingw\include\stdio.h:676:41: note: expected 'char *' but argument is of type 'unsigned char *'
 _CRTIMP __cdecl __MINGW_NOTHROW  char * gets (char *);
                                         ^~~~
gcc -o test.exe main.o uart.o 
Info: Nothing to build for test
03:31:44 **** Incremental Build of configuration Debug for project test ****
Info: Internal Builder is used for build
gcc -O0 -g3 -Wall -c -fmessage-length=0 -o main.o "..\\main.c" 
..\main.c: In function 'main':
..\main.c:14:7: warning: pointer targets in passing argument 1 of 'gets' differ in signedness [-Wpointer-sign]
  gets(tx_string);
       ^~~~~~~~~
In file included from ..\main.c:9:0:
c:\mingw\include\stdio.h:676:41: note: expected 'char *' but argument is of type 'unsigned char *'
 _CRTIMP __cdecl __MINGW_NOTHROW  char * gets (char *);
                                         ^~~~
gcc -o test.exe main.o uart.o 
Info: Nothing to build for test
03:32:02 **** Incremental Build of configuration Debug for project test ****
Info: Internal Builder is used for build
gcc -O0 -g3 -Wall -c -fmessage-length=0 -o main.o "..\\main.c" 
..\main.c: In function 'main':
..\main.c:14:7: warning: pointer targets in passing argument 1 of 'gets' differ in signedness [-Wpointer-sign]
  gets(tx_string);
       ^~~~~~~~~
In file included from ..\main.c:9:0:
c:\mingw\include\stdio.h:676:41: note: expected 'char *' but argument is of type 'unsigned char *'
 _CRTIMP __cdecl __MINGW_NOTHROW  char * gets (char *);
                                         ^~~~
gcc -o test.exe main.o uart.o 
03:32:13 **** Incremental Build of configuration Debug for project test ****
Info: Internal Builder is used for build
gcc -O0 -g3 -Wall -c -fmessage-length=0 -o main.o "..\\main.c" 
..\main.c: In function 'main':
..\main.c:14:7: warning: pointer targets in passing argument 1 of 'gets' differ in signedness [-Wpointer-sign]
  gets(tx_string);
       ^~~~~~~~~
In file included from ..\main.c:9:0:
c:\mingw\include\stdio.h:676:41: note: expected 'char *' but argument is of type 'unsigned char *'
 _CRTIMP __cdecl __MINGW_NOTHROW  char * gets (char *);
                                         ^~~~
gcc -o test.exe main.o uart.o 
Info: Nothing to build for test
03:32:46 **** Incremental Build of configuration Debug for project test ****
Info: Internal Builder is used for build
gcc -O0 -g3 -Wall -c -fmessage-length=0 -o main.o "..\\main.c" 
gcc -o test.exe main.o uart.o 
Info: Nothing to build for test
